#
# A fatal error has been detected by the Java Runtime Environment:
#
#  EXCEPTION_ACCESS_VIOLATION (0xc0000005) at pc=0x00007ff83db36a87, pid=6276, tid=11012
#
# JRE version: Java(TM) SE Runtime Environment (18.0+36) (build 18+36-2087)
# Java VM: Java HotSpot(TM) 64-Bit Server VM (18+36-2087, mixed mode, sharing, tiered, compressed oops, compressed class ptrs, g1 gc, windows-amd64)
# Problematic frame:
# C  [glass.dll+0x26a87]
#
# No core dump will be written. Minidumps are not enabled by default on client versions of Windows
#
# If you would like to submit a bug report, please visit:
#   https://bugreport.java.com/bugreport/crash.jsp
#

---------------  S U M M A R Y ------------

Command Line: -javaagent:C:\Program Files\JetBrains\IntelliJ IDEA 2021.3.3\lib\idea_rt.jar=52061:C:\Program Files\JetBrains\IntelliJ IDEA 2021.3.3\bin -Dfile.encoding=UTF-8 --module-path=C:\Users\User\.m2\repository\org\openjfx\javafx-controls\18-ea+6\javafx-controls-18-ea+6-win.jar;C:\Users\User\.m2\repository\org\openjfx\javafx-base\18-ea+6\javafx-base-18-ea+6-win.jar;C:\Users\User\IdeaProjects\ExamGeneratorFX\target\classes;C:\Users\User\.m2\repository\org\openjfx\javafx-graphics\18-ea+6\javafx-graphics-18-ea+6-win.jar;C:\Users\User\.m2\repository\org\openjfx\javafx-fxml\18-ea+6\javafx-fxml-18-ea+6-win.jar -Djdk.module.main=java java/Application.Main

Host: 11th Gen Intel(R) Core(TM) i7-1165G7 @ 2.80GHz, 8 cores, 31G,  Windows 11 , 64 bit Build 22000 (10.0.22000.675)
Time: Sat May 21 01:38:34 2022 Jerusalem Daylight Time elapsed time: 110.229496 seconds (0d 0h 1m 50s)

---------------  T H R E A D  ---------------

Current thread (0x00000144d2aa5c60):  VMThread "VM Thread" [stack: 0x00000022e1e00000,0x00000022e1f00000] [id=11012]

Stack: [0x00000022e1e00000,0x00000022e1f00000],  sp=0x00000022e1efed90,  free space=1019k
Native frames: (J=compiled Java code, j=interpreted, Vv=VM code, C=native code)
C  [glass.dll+0x26a87]


siginfo: EXCEPTION_ACCESS_VIOLATION (0xc0000005), reading address 0x0000000000000000


Register to memory mapping:

RIP=0x00007ff83db36a87 glass.dll
RAX=0x0 is NULL
RBX=0x00000144d74da108 is a global jni handle
RCX=0x00000144d2aa5c60 points into unknown readable memory: 0x00007ff81383edc8 | c8 ed 83 13 f8 7f 00 00
RDX=0x00000022e1efed90 points into unknown readable memory: 0x0000000000000000 | 00 00 00 00 00 00 00 00
RSP=0x00000022e1efed90 points into unknown readable memory: 0x0000000000000000 | 00 00 00 00 00 00 00 00
RBP=0x00000144d77fa848 points into unknown readable memory: 0x00005342ceb4c7e3 | e3 c7 b4 ce 42 53 00 00
RSI=0x00000144d77fa820 points into unknown readable memory: 0xed99a022ceb73822 | 22 38 b7 ce 22 a0 99 ed
RDI=0x00005342ceb4c7e3 is an unknown value
R8 =0x0000000000010002 is an unknown value
R9 =0x00005342ceb4c7e3 is an unknown value
R10=0x85f13e9656da4870 is an unknown value
R11=0x00000022e1efed20 points into unknown readable memory: 0x00000144d77fa820 | 20 a8 7f d7 44 01 00 00
R12=0x00007ff83db34354 glass.dll
R13=0x00007ff813a00b40 jvm.dll
R14=0x00000022e1efee98 points into unknown readable memory: 0x00000022e1efee80 | 80 ee ef e1 22 00 00 00
R15=0x00000144d77fa820 points into unknown readable memory: 0xed99a022ceb73822 | 22 38 b7 ce 22 a0 99 ed


Registers:
RAX=0x0000000000000000, RBX=0x00000144d74da108, RCX=0x00000144d2aa5c60, RDX=0x00000022e1efed90
RSP=0x00000022e1efed90, RBP=0x00000144d77fa848, RSI=0x00000144d77fa820, RDI=0x00005342ceb4c7e3
R8 =0x0000000000010002, R9 =0x00005342ceb4c7e3, R10=0x85f13e9656da4870, R11=0x00000022e1efed20
R12=0x00007ff83db34354, R13=0x00007ff813a00b40, R14=0x00000022e1efee98, R15=0x00000144d77fa820
RIP=0x00007ff83db36a87, EFLAGS=0x0000000000010206

Top of Stack: (sp=0x00000022e1efed90)
0x00000022e1efed90:   0000000000000000 00000144d77fa820
0x00000022e1efeda0:   00007ff813a00b40 00007ff83db34354
0x00000022e1efedb0:   00000144d77fa828 00007ff86e19bea0
0x00000022e1efedc0:   00005342ceb4c7e3 0000014400000000
0x00000022e1efedd0:   00000144d77fa848 00000144d77fa820
0x00000022e1efede0:   fffffffffffffffe 0000000000000000
0x00000022e1efedf0:   0000000000000001 00007ff83db10000
0x00000022e1efee00:   00000022e1efee88 00007ff86e19bdb7
0x00000022e1efee10:   0000000000000000 00000022e1efee98
0x00000022e1efee20:   00000022e1eff170 00007ff86e2812b0
0x00000022e1efee30:   0000000000000001 00007ff86e19bd6d
0x00000022e1efee40:   0000000000000000 0000000000000001
0x00000022e1efee50:   00000022e1eff170 00000022e1efee88
0x00000022e1efee60:   fffffffffffffffe 00007ff86d5a0000
0x00000022e1efee70:   00007ff86d5b3000 00007ff83db341e1
0x00000022e1efee80:   00007ff83db4a138 0000000000000002 

Instructions: (pc=0x00007ff83db36a87)
0x00007ff83db36987:   8b 4d 58 e8 01 cf ff ff 48 8b 4d 60 e8 f8 ce ff
0x00007ff83db36997:   ff 48 8b 95 80 00 00 00 48 8b 8d 18 01 00 00 e8
0x00007ff83db369a7:   c6 c3 ff ff 33 d2 33 c9 e8 3c e1 ff ff 90 48 89
0x00007ff83db369b7:   54 24 10 55 48 83 ec 20 48 8b ea 48 b8 00 00 00
0x00007ff83db369c7:   00 00 00 00 00 48 83 c4 20 5d c3 cc 40 55 48 8b
0x00007ff83db369d7:   ea 48 8b 01 33 c9 81 38 05 00 00 c0 0f 94 c1 8b
0x00007ff83db369e7:   c1 5d c3 cc 40 55 48 83 ec 20 48 8b ea 8a 4d 40
0x00007ff83db369f7:   48 83 c4 20 5d e9 f7 d2 ff ff cc 40 55 48 83 ec
0x00007ff83db36a07:   20 48 8b ea 8a 4d 20 e8 e5 d2 ff ff 90 48 83 c4
0x00007ff83db36a17:   20 5d c3 cc 40 55 48 83 ec 20 48 8b ea 48 83 c4
0x00007ff83db36a27:   20 5d e9 46 d1 ff ff cc 40 55 48 83 ec 30 48 8b
0x00007ff83db36a37:   ea 48 8b 01 8b 10 48 89 4c 24 28 89 54 24 20 4c
0x00007ff83db36a47:   8d 0d e7 d5 ff ff 4c 8b 45 70 8b 55 68 48 8b 4d
0x00007ff83db36a57:   60 e8 87 d0 ff ff 90 48 83 c4 30 5d c3 cc cc cc
0x00007ff83db36a67:   cc cc cc cc cc cc cc cc cc 40 53 48 83 ec 20 48
0x00007ff83db36a77:   8b 1d b3 30 01 00 48 85 db 74 16 e8 09 8b ff ff
0x00007ff83db36a87:   4c 8b 00 48 8b d3 48 8b c8 41 ff 90 b0 00 00 00
0x00007ff83db36a97:   90 48 83 c4 20 5b c3 cc cc 40 53 48 83 ec 20 48
0x00007ff83db36aa7:   8b 1d 2b 32 01 00 48 85 db 74 57 b8 ff ff ff ff
0x00007ff83db36ab7:   f0 0f c1 43 10 83 f8 01 75 3d 48 85 db 74 38 48
0x00007ff83db36ac7:   8b 0b 48 85 c9 74 0d ff 15 d4 07 00 00 48 c7 03
0x00007ff83db36ad7:   00 00 00 00 48 8b 4b 08 48 85 c9 74 0d e8 a7 cd
0x00007ff83db36ae7:   ff ff 48 c7 43 08 00 00 00 00 ba 18 00 00 00 48
0x00007ff83db36af7:   8b cb e8 92 cd ff ff 48 c7 05 cf 31 01 00 00 00
0x00007ff83db36b07:   00 00 48 83 c4 20 5b c3 cc 40 53 48 83 ec 20 48
0x00007ff83db36b17:   8b 1d 9b 31 01 00 48 85 db 74 57 b8 ff ff ff ff
0x00007ff83db36b27:   f0 0f c1 43 10 83 f8 01 75 3d 48 85 db 74 38 48
0x00007ff83db36b37:   8b 0b 48 85 c9 74 0d ff 15 64 07 00 00 48 c7 03
0x00007ff83db36b47:   00 00 00 00 48 8b 4b 08 48 85 c9 74 0d e8 37 cd
0x00007ff83db36b57:   ff ff 48 c7 43 08 00 00 00 00 ba 18 00 00 00 48
0x00007ff83db36b67:   8b cb e8 22 cd ff ff 48 c7 05 3f 31 01 00 00 00
0x00007ff83db36b77:   00 00 48 83 c4 20 5b c3 cc 40 53 48 83 ec 20 48 


Stack slot to memory mapping:
stack at sp + 0 slots: 0x0 is NULL
stack at sp + 1 slots: 0x00000144d77fa820 points into unknown readable memory: 0xed99a022ceb73822 | 22 38 b7 ce 22 a0 99 ed
stack at sp + 2 slots: 0x00007ff813a00b40 jvm.dll
stack at sp + 3 slots: 0x00007ff83db34354 glass.dll
stack at sp + 4 slots: 0x00000144d77fa828 points into unknown readable memory: 0x00005342ceb4c7e3 | e3 c7 b4 ce 42 53 00 00
stack at sp + 5 slots: 0x00007ff86e19bea0 ucrtbase.dll
stack at sp + 6 slots: 0x00005342ceb4c7e3 is an unknown value
stack at sp + 7 slots: 0x0000014400000000 is an unknown value

VM_Operation (0x00000022e15fef70): Exit, mode: safepoint, requested by thread 0x00000144dc6429d0


---------------  P R O C E S S  ---------------

Threads class SMR info:
_java_thread_list=0x00000144dc4032e0, length=22, elements={
0x00000144a6cf1bb0, 0x00000144d2aa84c0, 0x00000144d2aa8e60, 0x00000144d2ac30d0,
0x00000144d2ac5a80, 0x00000144d2ac6420, 0x00000144d2ac6dc0, 0x00000144d2ac7a90,
0x00000144d2ad3980, 0x00000144d2ad4360, 0x00000144d2a92d10, 0x00000144d79c6ab0,
0x00000144d79c6f70, 0x00000144d7e81840, 0x00000144d7d1fb20, 0x00000144dc4007f0,
0x00000144dc39b8d0, 0x00000144dc898700, 0x00000144dc99a1d0, 0x00000144dc853220,
0x00000144dc6429d0, 0x00000144dc63ce60
}

Java Threads: ( => current thread )
  0x00000144a6cf1bb0 JavaThread "main" [_thread_blocked, id=14944, stack(0x00000022e1800000,0x00000022e1900000)]
  0x00000144d2aa84c0 JavaThread "Reference Handler" daemon [_thread_blocked, id=21096, stack(0x00000022e1f00000,0x00000022e2000000)]
  0x00000144d2aa8e60 JavaThread "Finalizer" daemon [_thread_blocked, id=9180, stack(0x00000022e2000000,0x00000022e2100000)]
  0x00000144d2ac30d0 JavaThread "Signal Dispatcher" daemon [_thread_blocked, id=15160, stack(0x00000022e2100000,0x00000022e2200000)]
  0x00000144d2ac5a80 JavaThread "Attach Listener" daemon [_thread_blocked, id=14312, stack(0x00000022e2200000,0x00000022e2300000)]
  0x00000144d2ac6420 JavaThread "Service Thread" daemon [_thread_blocked, id=1288, stack(0x00000022e2300000,0x00000022e2400000)]
  0x00000144d2ac6dc0 JavaThread "Monitor Deflation Thread" daemon [_thread_blocked, id=16444, stack(0x00000022e2400000,0x00000022e2500000)]
  0x00000144d2ac7a90 JavaThread "C2 CompilerThread0" daemon [_thread_blocked, id=4528, stack(0x00000022e2500000,0x00000022e2600000)]
  0x00000144d2ad3980 JavaThread "C1 CompilerThread0" daemon [_thread_blocked, id=17116, stack(0x00000022e2600000,0x00000022e2700000)]
  0x00000144d2ad4360 JavaThread "Sweeper thread" daemon [_thread_blocked, id=2924, stack(0x00000022e2700000,0x00000022e2800000)]
  0x00000144d2a92d10 JavaThread "Common-Cleaner" daemon [_thread_blocked, id=18252, stack(0x00000022e2800000,0x00000022e2900000)]
  0x00000144d79c6ab0 JavaThread "Monitor Ctrl-Break" daemon [_thread_in_native, id=2084, stack(0x00000022e2b00000,0x00000022e2c00000)]
  0x00000144d79c6f70 JavaThread "Notification Thread" daemon [_thread_blocked, id=10360, stack(0x00000022e2c00000,0x00000022e2d00000)]
  0x00000144d7e81840 JavaThread "InvokeLaterDispatcher" daemon [_thread_blocked, id=20544, stack(0x00000022e2f00000,0x00000022e3000000)]
  0x00000144d7d1fb20 JavaThread "JavaFX Application Thread" [_thread_in_native, id=9040, stack(0x00000022e3000000,0x00000022e3100000)]
  0x00000144dc4007f0 JavaThread "Thread-1" daemon [_thread_in_native, id=956, stack(0x00000022e2a00000,0x00000022e2b00000)]
  0x00000144dc39b8d0 JavaThread "JavaFX-Launcher" [_thread_blocked, id=15052, stack(0x00000022e3400000,0x00000022e3500000)]
  0x00000144dc898700 JavaThread "Prism Font Disposer" daemon [_thread_blocked, id=16372, stack(0x00000022e3f00000,0x00000022e4000000)]
  0x00000144dc99a1d0 JavaThread "Cleaner-0" daemon [_thread_blocked, id=20592, stack(0x00000022e4000000,0x00000022e4100000)]
  0x00000144dc853220 JavaThread "Java2D Disposer" daemon [_thread_blocked, id=18896, stack(0x00000022e2900000,0x00000022e2a00000)]
  0x00000144dc6429d0 JavaThread "SIGINT handler" daemon [_thread_blocked, id=12716, stack(0x00000022e1500000,0x00000022e1600000)]
  0x00000144dc63ce60 JavaThread "AWT-Shutdown" [_thread_blocked, id=10092, stack(0x00000022e4400000,0x00000022e4500000)]

Other Threads:
=>0x00000144d2aa5c60 VMThread "VM Thread" [stack: 0x00000022e1e00000,0x00000022e1f00000] [id=11012]
  0x00000144a6da4450 WorkerThread "GC Thread#0" [stack: 0x00000022e1900000,0x00000022e1a00000] [id=9512]
  0x00000144d7e0c570 WorkerThread "GC Thread#1" [stack: 0x00000022e3500000,0x00000022e3600000] [id=276]
  0x00000144d7e0c810 WorkerThread "GC Thread#2" [stack: 0x00000022e3600000,0x00000022e3700000] [id=19904]
  0x00000144d7e0b310 WorkerThread "GC Thread#3" [stack: 0x00000022e3700000,0x00000022e3800000] [id=22296]
  0x00000144dc40f8e0 WorkerThread "GC Thread#4" [stack: 0x00000022e3800000,0x00000022e3900000] [id=9684]
  0x00000144dc40f640 WorkerThread "GC Thread#5" [stack: 0x00000022e3900000,0x00000022e3a00000] [id=19696]
  0x00000144dc410b40 WorkerThread "GC Thread#6" [stack: 0x00000022e3a00000,0x00000022e3b00000] [id=21464]
  0x00000144dc411320 WorkerThread "GC Thread#7" [stack: 0x00000022e3b00000,0x00000022e3c00000] [id=20696]
  0x00000144a6db6060 ConcurrentGCThread "G1 Main Marker" terminated
  0x00000144a6db8100 WorkerThread "G1 Conc#0" [stack: 0x00000022e1b00000,0x00000022e1c00000] [id=22196]
  0x00000144d7887fd0 WorkerThread "G1 Conc#1" [stack: 0x00000022e4100000,0x00000022e4200000] [id=2052]
  0x00000144d295bf40 ConcurrentGCThread "G1 Refine#0" terminated
  0x00000144dd23cd00 ConcurrentGCThread "G1 Refine#1" terminated
  0x00000144dcde3030 ConcurrentGCThread "G1 Refine#2" terminated
  0x00000144d295c850 ConcurrentGCThread "G1 Service" terminated

Threads with active compile tasks:

VM state: at safepoint (shutting down)

VM Mutex/Monitor currently owned by a thread:  ([mutex/lock_event])
[0x00000144a6ced5a0] Threads_lock - owner thread: 0x00000144d2aa5c60
[0x00000144a6cedc60] Heap_lock - owner thread: 0x00000144dc6429d0

Heap address: 0x0000000604400000, size: 8124 MB, Compressed Oops mode: Zero based, Oop shift amount: 3

CDS archive(s) mapped at: [0x0000000800000000-0x0000000800ba0000-0x0000000800ba0000), size 12189696, SharedBaseAddress: 0x0000000800000000, ArchiveRelocationMode: 0.
Compressed class space mapped at: 0x0000000800c00000-0x0000000840c00000, reserved size: 1073741824
Narrow klass base: 0x0000000800000000, Narrow klass shift: 0, Narrow klass range: 0x100000000

GC Precious Log:
 CardTable entry size: 512
 Card Set container configuration: InlinePtr #cards 4 size 8 Array Of Cards #cards 32 size 80 Howl #buckets 8 coarsen threshold 7372 Howl Bitmap #cards 1024 size 144 coarsen threshold 921 Card regions per heap region 1 cards per card region 8192
 CPUs: 8 total, 8 available
 Memory: 32487M
 Large Page Support: Disabled
 NUMA Support: Disabled
 Compressed Oops: Enabled (Zero based)
 Heap Region Size: 4M
 Heap Min Capacity: 8M
 Heap Initial Capacity: 508M
 Heap Max Capacity: 8124M
 Pre-touch: Disabled
 Parallel Workers: 8
 Concurrent Workers: 2
 Concurrent Refinement Workers: 8
 Periodic GC: Disabled

Heap:
 garbage-first heap   total 69632K, used 22791K [0x0000000604400000, 0x0000000800000000)
  region size 4096K, 6 young (24576K), 2 survivors (8192K)
 Metaspace       used 22213K, committed 22464K, reserved 1114112K
  class space    used 3001K, committed 3136K, reserved 1048576K

Heap Regions: E=young(eden), S=young(survivor), O=old, HS=humongous(starts), HC=humongous(continues), CS=collection set, F=free, OA=open archive, CA=closed archive, TAMS=top-at-mark-start (previous, next)
|   0|0x0000000604400000, 0x0000000604800000, 0x0000000604800000|100%| O|  |TAMS 0x0000000604602000, 0x0000000604400000| Untracked 
|   1|0x0000000604800000, 0x000000060481f400, 0x0000000604c00000|  3%| O|  |TAMS 0x0000000604800000, 0x0000000604800000| Complete 
|   2|0x0000000604c00000, 0x0000000604c00000, 0x0000000605000000|  0%| F|  |TAMS 0x0000000604c00000, 0x0000000604c00000| Untracked 
|   3|0x0000000605000000, 0x0000000605000000, 0x0000000605400000|  0%| F|  |TAMS 0x0000000605000000, 0x0000000605000000| Untracked 
|   4|0x0000000605400000, 0x0000000605400000, 0x0000000605800000|  0%| F|  |TAMS 0x0000000605400000, 0x0000000605400000| Untracked 
|   5|0x0000000605800000, 0x0000000605800000, 0x0000000605c00000|  0%| F|  |TAMS 0x0000000605800000, 0x0000000605800000| Untracked 
|   6|0x0000000605c00000, 0x0000000605c00000, 0x0000000606000000|  0%| F|  |TAMS 0x0000000605c00000, 0x0000000605c00000| Untracked 
|   7|0x0000000606000000, 0x0000000606000000, 0x0000000606400000|  0%| F|  |TAMS 0x0000000606000000, 0x0000000606000000| Untracked 
|   8|0x0000000606400000, 0x0000000606400000, 0x0000000606800000|  0%| F|  |TAMS 0x0000000606400000, 0x0000000606400000| Untracked 
|   9|0x0000000606800000, 0x0000000606800000, 0x0000000606c00000|  0%| F|  |TAMS 0x0000000606800000, 0x0000000606800000| Untracked 
|  10|0x0000000606c00000, 0x0000000606c00000, 0x0000000607000000|  0%| F|  |TAMS 0x0000000606c00000, 0x0000000606c00000| Untracked 
|  11|0x0000000607000000, 0x0000000607107d58, 0x0000000607400000| 25%| E|  |TAMS 0x0000000607000000, 0x0000000607000000| Complete 
|  12|0x0000000607400000, 0x0000000607800000, 0x0000000607800000|100%| E|CS|TAMS 0x0000000607400000, 0x0000000607400000| Complete 
|  13|0x0000000607800000, 0x0000000607c00000, 0x0000000607c00000|100%| E|CS|TAMS 0x0000000607800000, 0x0000000607800000| Complete 
| 124|0x0000000623400000, 0x0000000623622850, 0x0000000623800000| 53%| S|CS|TAMS 0x0000000623400000, 0x0000000623400000| Complete 
| 125|0x0000000623800000, 0x0000000623c00000, 0x0000000623c00000|100%| S|CS|TAMS 0x0000000623800000, 0x0000000623800000| Complete 
| 126|0x0000000623c00000, 0x0000000624000000, 0x0000000624000000|100%| E|CS|TAMS 0x0000000623c00000, 0x0000000623c00000| Complete 

Card table byte_map: [0x00000144be930000,0x00000144bf910000] _byte_map_base: 0x00000144bb90e000

Marking Bits (Prev, Next): (CMBitMap*) 0x00000144a6da4990, (CMBitMap*) 0x00000144a6da4950
 Prev Bits: [0x00000144c87e0000, 0x00000144d06d0000)
 Next Bits: [0x00000144c08f0000, 0x00000144c87e0000)

Polling page: 0x00000144a4cc0000

Metaspace:

Usage:
  Non-class:     18.76 MB used.
      Class:      2.93 MB used.
       Both:     21.69 MB used.

Virtual space:
  Non-class space:       64.00 MB reserved,      18.88 MB ( 29%) committed,  1 nodes.
      Class space:        1.00 GB reserved,       3.06 MB ( <1%) committed,  1 nodes.
             Both:        1.06 GB reserved,      21.94 MB (  2%) committed. 

Chunk freelists:
   Non-Class:  1.12 MB
       Class:  832.00 KB
        Both:  1.94 MB

MaxMetaspaceSize: unlimited
CompressedClassSpaceSize: 1.00 GB
Initial GC threshold: 21.00 MB
Current GC threshold: 35.25 MB
CDS: on
MetaspaceReclaimPolicy: balanced
 - commit_granule_bytes: 65536.
 - commit_granule_words: 8192.
 - virtual_space_node_default_size: 8388608.
 - enlarge_chunks_in_place: 1.
 - new_chunks_are_fully_committed: 0.
 - uncommit_free_chunks: 1.
 - use_allocation_guard: 0.


Internal statistics:

num_allocs_failed_limit: 3.
num_arena_births: 290.
num_arena_deaths: 0.
num_vsnodes_births: 2.
num_vsnodes_deaths: 0.
num_space_committed: 351.
num_space_uncommitted: 0.
num_chunks_returned_to_freelist: 3.
num_chunks_taken_from_freelist: 833.
num_chunk_merges: 3.
num_chunk_splits: 595.
num_chunks_enlarged: 474.
num_inconsistent_stats: 0.

CodeHeap 'non-profiled nmethods': size=120000Kb used=1588Kb max_used=1588Kb free=118411Kb
 bounds [0x00000144b60f0000, 0x00000144b6360000, 0x00000144bd620000]
CodeHeap 'profiled nmethods': size=120000Kb used=7610Kb max_used=7610Kb free=112389Kb
 bounds [0x00000144aebc0000, 0x00000144af330000, 0x00000144b60f0000]
CodeHeap 'non-nmethods': size=5760Kb used=1550Kb max_used=1584Kb free=4209Kb
 bounds [0x00000144ae620000, 0x00000144ae890000, 0x00000144aebc0000]
 total_blobs=4714 nmethods=3796 adapters=830
 compilation: enabled
              stopped_count=0, restarted_count=0
 full_count=0

Compilation events (20 events):
Event: 31.192 Thread 0x00000144d2ad3980 3790       3       com.sun.glass.ui.Screen::containsPlatformRect (59 bytes)
Event: 31.192 Thread 0x00000144d2ad3980 nmethod 3790 0x00000144af32ca90 code [0x00000144af32cc40, 0x00000144af32cf68]
Event: 31.201 Thread 0x00000144d2ad3980 3791       3       com.sun.javafx.stage.WindowPeerListener::changedLocation (12 bytes)
Event: 31.202 Thread 0x00000144d2ad3980 nmethod 3791 0x00000144af32d010 code [0x00000144af32d1a0, 0x00000144af32d2e8]
Event: 31.202 Thread 0x00000144d2ad3980 3792       3       com.sun.javafx.stage.WindowHelper::notifyLocationChanged (12 bytes)
Event: 31.202 Thread 0x00000144d2ad3980 nmethod 3792 0x00000144af32d390 code [0x00000144af32d540, 0x00000144af32d6c8]
Event: 33.422 Thread 0x00000144d2ad3980 3793       3       javafx.scene.Scene$TargetWrapper::fillHierarchy (63 bytes)
Event: 33.423 Thread 0x00000144d2ad3980 nmethod 3793 0x00000144af32d810 code [0x00000144af32da20, 0x00000144af32e2f8]
Event: 33.467 Thread 0x00000144d2ac7a90 3794       4       com.sun.javafx.geom.transform.Identity::inverseTransform (20 bytes)
Event: 33.468 Thread 0x00000144d2ac7a90 nmethod 3794 0x00000144b627b290 code [0x00000144b627b400, 0x00000144b627b4d8]
Event: 34.165 Thread 0x00000144d2ad3980 3795       3       javafx.scene.Node$FocusedProperty::get (10 bytes)
Event: 34.165 Thread 0x00000144d2ad3980 nmethod 3795 0x00000144af32e510 code [0x00000144af32e6a0, 0x00000144af32e7b8]
Event: 84.999 Thread 0x00000144d2ac7a90 3796       4       com.sun.javafx.tk.quantum.QuantumToolkit::postPulse (133 bytes)
Event: 85.006 Thread 0x00000144d2ac7a90 nmethod 3796 0x00000144b627b590 code [0x00000144b627b740, 0x00000144b627b978]
Event: 86.805 Thread 0x00000144d2ac7a90 3797       4       com.sun.javafx.tk.quantum.QuantumToolkit$$Lambda$80/0x0000000800c39958::run (8 bytes)
Event: 86.814 Thread 0x00000144d2ac7a90 nmethod 3797 0x00000144b627bc10 code [0x00000144b627bdc0, 0x00000144b627c068]
Event: 109.486 Thread 0x00000144d2ac7a90 3798       4       jdk.internal.org.objectweb.asm.MethodWriter::visitVarInsn (302 bytes)
Event: 109.498 Thread 0x00000144d2ac7a90 nmethod 3798 0x00000144b627c390 code [0x00000144b627c560, 0x00000144b627cab0]
Event: 109.498 Thread 0x00000144d2ac7a90 3799       4       java.lang.invoke.LambdaForm::uncustomize (57 bytes)
Event: 109.499 Thread 0x00000144d2ac7a90 nmethod 3799 0x00000144b627ce90 code [0x00000144b627d000, 0x00000144b627d098]

GC Heap History (6 events):
Event: 0.905 GC heap before
{Heap before GC invocations=0 (full 0):
 garbage-first heap   total 520192K, used 24576K [0x0000000604400000, 0x0000000800000000)
  region size 4096K, 6 young (24576K), 0 survivors (0K)
 Metaspace       used 5683K, committed 5888K, reserved 1114112K
  class space    used 695K, committed 832K, reserved 1048576K
}
Event: 0.910 GC heap after
{Heap after GC invocations=1 (full 0):
 garbage-first heap   total 520192K, used 2784K [0x0000000604400000, 0x0000000800000000)
  region size 4096K, 1 young (4096K), 1 survivors (4096K)
 Metaspace       used 5683K, committed 5888K, reserved 1114112K
  class space    used 695K, committed 832K, reserved 1048576K
}
Event: 16.780 GC heap before
{Heap before GC invocations=1 (full 0):
 garbage-first heap   total 520192K, used 43744K [0x0000000604400000, 0x0000000800000000)
  region size 4096K, 12 young (49152K), 1 survivors (4096K)
 Metaspace       used 21112K, committed 21376K, reserved 1114112K
  class space    used 2815K, committed 2944K, reserved 1048576K
}
Event: 16.791 GC heap after
{Heap after GC invocations=2 (full 0):
 garbage-first heap   total 520192K, used 10248K [0x0000000604400000, 0x0000000800000000)
  region size 4096K, 2 young (8192K), 2 survivors (8192K)
 Metaspace       used 21112K, committed 21376K, reserved 1114112K
  class space    used 2815K, committed 2944K, reserved 1048576K
}
Event: 19.594 GC heap before
{Heap before GC invocations=2 (full 0):
 garbage-first heap   total 520192K, used 10248K [0x0000000604400000, 0x0000000800000000)
  region size 4096K, 3 young (12288K), 2 survivors (8192K)
 Metaspace       used 21222K, committed 21504K, reserved 1114112K
  class space    used 2820K, committed 3008K, reserved 1048576K
}
Event: 19.603 GC heap after
{Heap after GC invocations=3 (full 0):
 garbage-first heap   total 520192K, used 10503K [0x0000000604400000, 0x0000000800000000)
  region size 4096K, 2 young (8192K), 2 survivors (8192K)
 Metaspace       used 21222K, committed 21504K, reserved 1114112K
  class space    used 2820K, committed 3008K, reserved 1048576K
}

Deoptimization events (20 events):
Event: 20.650 Thread 0x00000144d7d1fb20 Uncommon trap: trap_request=0xffffff45 fr.pc=0x00000144b62095e4 relative=0x0000000000000ba4
Event: 20.650 Thread 0x00000144d7d1fb20 Uncommon trap: reason=unstable_if action=reinterpret pc=0x00000144b62095e4 method=javafx.scene.Node.pickNode(Lcom/sun/javafx/geom/PickRay;Lcom/sun/javafx/scene/input/PickResultChooser;)V @ 18 c2
Event: 20.650 Thread 0x00000144d7d1fb20 DEOPT PACKING pc=0x00000144b62095e4 sp=0x00000022e30f95e0
Event: 20.650 Thread 0x00000144d7d1fb20 DEOPT UNPACKING pc=0x00000144ae675c23 sp=0x00000022e30f92a8 mode 2
Event: 21.090 Thread 0x00000144d7d1fb20 Uncommon trap: trap_request=0xffffffde fr.pc=0x00000144b61c5408 relative=0x00000000000010e8
Event: 21.090 Thread 0x00000144d7d1fb20 Uncommon trap: reason=class_check action=maybe_recompile pc=0x00000144b61c5408 method=javafx.scene.Node.updateLocalToParentTransform()V @ 11 c2
Event: 21.090 Thread 0x00000144d7d1fb20 DEOPT PACKING pc=0x00000144b61c5408 sp=0x00000022e30f3490
Event: 21.090 Thread 0x00000144d7d1fb20 DEOPT UNPACKING pc=0x00000144ae675c23 sp=0x00000022e30f3450 mode 2
Event: 21.090 Thread 0x00000144d7d1fb20 Uncommon trap: trap_request=0xffffffde fr.pc=0x00000144b61c5408 relative=0x00000000000010e8
Event: 21.090 Thread 0x00000144d7d1fb20 Uncommon trap: reason=class_check action=maybe_recompile pc=0x00000144b61c5408 method=javafx.scene.Node.updateLocalToParentTransform()V @ 11 c2
Event: 21.090 Thread 0x00000144d7d1fb20 DEOPT PACKING pc=0x00000144b61c5408 sp=0x00000022e30f36a0
Event: 21.090 Thread 0x00000144d7d1fb20 DEOPT UNPACKING pc=0x00000144ae675c23 sp=0x00000022e30f3660 mode 2
Event: 22.913 Thread 0x00000144d7d1fb20 Uncommon trap: trap_request=0xffffff45 fr.pc=0x00000144b61eae84 relative=0x00000000000000e4
Event: 22.913 Thread 0x00000144d7d1fb20 Uncommon trap: reason=unstable_if action=reinterpret pc=0x00000144b61eae84 method=com.sun.javafx.geom.RectBounds.isEmpty()Z @ 21 c2
Event: 22.913 Thread 0x00000144d7d1fb20 DEOPT PACKING pc=0x00000144b61eae84 sp=0x00000022e30f3d50
Event: 22.913 Thread 0x00000144d7d1fb20 DEOPT UNPACKING pc=0x00000144ae675c23 sp=0x00000022e30f3c78 mode 2
Event: 22.919 Thread 0x00000144d7d1fb20 Uncommon trap: trap_request=0xffffff45 fr.pc=0x00000144b61e068c relative=0x000000000000008c
Event: 22.919 Thread 0x00000144d7d1fb20 Uncommon trap: reason=unstable_if action=reinterpret pc=0x00000144b61e068c method=com.sun.javafx.geom.RectBounds.isEmpty()Z @ 21 c2
Event: 22.919 Thread 0x00000144d7d1fb20 DEOPT PACKING pc=0x00000144b61e068c sp=0x00000022e30f2fb0
Event: 22.919 Thread 0x00000144d7d1fb20 DEOPT UNPACKING pc=0x00000144ae675c23 sp=0x00000022e30f2f40 mode 2

Classes loaded (20 events):
Event: 16.236 Loading class java/awt/LightweightDispatcher$2
Event: 16.237 Loading class java/awt/LightweightDispatcher$2 done
Event: 17.534 Loading class sun/awt/AppContext$PostShutdownEventRunnable
Event: 17.535 Loading class sun/awt/AppContext$PostShutdownEventRunnable done
Event: 17.535 Loading class sun/awt/AWTAutoShutdown$1
Event: 17.535 Loading class sun/awt/AWTAutoShutdown$1 done
Event: 19.623 Loading class java/util/BitSet
Event: 19.624 Loading class java/util/BitSet done
Event: 19.625 Loading class java/util/BitSet$1BitSetSpliterator
Event: 19.625 Loading class java/util/BitSet$1BitSetSpliterator done
Event: 19.626 Loading class java/util/stream/IntPipeline$1
Event: 19.626 Loading class java/util/stream/IntPipeline$1 done
Event: 19.626 Loading class java/util/stream/IntPipeline$1$1
Event: 19.626 Loading class java/util/stream/IntPipeline$1$1 done
Event: 25.869 Loading class java/lang/Throwable$WrappedPrintStream
Event: 25.869 Loading class java/lang/Throwable$PrintStreamOrWriter
Event: 25.869 Loading class java/lang/Throwable$PrintStreamOrWriter done
Event: 25.869 Loading class java/lang/Throwable$WrappedPrintStream done
Event: 109.484 Loading class jdk/internal/misc/Signal$1
Event: 109.484 Loading class jdk/internal/misc/Signal$1 done

Classes unloaded (0 events):
No events

Classes redefined (0 events):
No events

Internal exceptions (20 events):
Event: 2.963 Thread 0x00000144d7d1fb20 Exception <a 'java/lang/NoSuchMethodError'{0x00000006222d7fd0}: 'java.lang.Object java.lang.invoke.DirectMethodHandle$Holder.newInvokeSpecial(java.lang.Object, java.lang.Object, long)'> (0x00000006222d7fd0) 
thrown [t:\workspace\open\src\hotspot\share\interpreter\linkResolver.cpp, line 766]
Event: 2.963 Thread 0x00000144d7d1fb20 Exception <a 'java/lang/NoSuchMethodError'{0x00000006222dbb48}: 'java.lang.Object java.lang.invoke.Invokers$Holder.linkToTargetMethod(java.lang.Object, long, java.lang.Object)'> (0x00000006222dbb48) 
thrown [t:\workspace\open\src\hotspot\share\interpreter\linkResolver.cpp, line 766]
Event: 5.801 Thread 0x00000144d7d1fb20 Exception <a 'java/lang/ClassNotFoundException'{0x000000062184c0e8}: com/sun/javafx/scene/control/skin/resources/controls> (0x000000062184c0e8) 
thrown [t:\workspace\open\src\hotspot\share\prims\jni.cpp, line 535]
Event: 5.802 Thread 0x00000144d7d1fb20 Exception <a 'java/lang/ClassNotFoundException'{0x000000062185a8a8}: com/sun/javafx/scene/control/skin/resources/controls_en> (0x000000062185a8a8) 
thrown [t:\workspace\open\src\hotspot\share\prims\jni.cpp, line 535]
Event: 5.802 Thread 0x00000144d7d1fb20 Exception <a 'java/lang/ClassNotFoundException'{0x000000062185c060}: com/sun/javafx/scene/control/skin/resources/controls_en_US> (0x000000062185c060) 
thrown [t:\workspace\open\src\hotspot\share\prims\jni.cpp, line 535]
Event: 7.153 Thread 0x00000144d7d1fb20 Exception <a 'java/lang/NoSuchMethodError'{0x000000062157b858}: 'java.lang.Object java.lang.invoke.DirectMethodHandle$Holder.newInvokeSpecial(java.lang.Object, java.lang.Object, int, int, int, int, int, java.lang.Object)'> (0x000000062157b858) 
thrown [t:\workspace\open\src\hotspot\share\interpreter\linkResolver.cpp, line 766]
Event: 7.156 Thread 0x00000144d7d1fb20 Exception <a 'java/lang/NoSuchMethodError'{0x000000062158e838}: 'java.lang.Object java.lang.invoke.DirectMethodHandle$Holder.newInvokeSpecial(java.lang.Object, java.lang.Object, java.lang.Object, int, int, int, int, int)'> (0x000000062158e838) 
thrown [t:\workspace\open\src\hotspot\share\interpreter\linkResolver.cpp, line 766]
Event: 7.156 Thread 0x00000144d7d1fb20 Exception <a 'java/lang/NoSuchMethodError'{0x00000006215960a0}: 'java.lang.Object java.lang.invoke.Invokers$Holder.linkToTargetMethod(java.lang.Object, java.lang.Object, int, int, int, int, int, java.lang.Object)'> (0x00000006215960a0) 
thrown [t:\workspace\open\src\hotspot\share\interpreter\linkResolver.cpp, line 766]
Event: 15.444 Thread 0x00000144d7d1fb20 Exception <a 'java/lang/ClassNotFoundException'{0x00000006210826b8}: sun/awt/resources/spi/awtProvider> (0x00000006210826b8) 
thrown [t:\workspace\open\src\hotspot\share\classfile\systemDictionary.cpp, line 255]
Event: 15.452 Thread 0x00000144d7d1fb20 Exception <a 'java/io/FileNotFoundException'{0x0000000621085ad8}> (0x0000000621085ad8) 
thrown [t:\workspace\open\src\hotspot\share\prims\jni.cpp, line 516]
Event: 15.452 Thread 0x00000144d7d1fb20 Exception <a 'java/io/FileNotFoundException'{0x0000000621087060}> (0x0000000621087060) 
thrown [t:\workspace\open\src\hotspot\share\prims\jni.cpp, line 516]
Event: 15.507 Thread 0x00000144d7d1fb20 Exception <a 'java/lang/NoSuchMethodError'{0x0000000621161160}: 'java.lang.Object java.lang.invoke.DirectMethodHandle$Holder.invokeStatic(java.lang.Object, int, java.lang.Object)'> (0x0000000621161160) 
thrown [t:\workspace\open\src\hotspot\share\interpreter\linkResolver.cpp, line 766]
Event: 15.522 Thread 0x00000144d7d1fb20 Exception <a 'java/lang/ClassNotFoundException'{0x0000000621229ed8}: com/sun/swing/internal/plaf/metal/resources/spi/metalProvider> (0x0000000621229ed8) 
thrown [t:\workspace\open\src\hotspot\share\classfile\systemDictionary.cpp, line 255]
Event: 15.523 Thread 0x00000144d7d1fb20 Exception <a 'java/lang/ClassNotFoundException'{0x000000062122e290}: com/sun/swing/internal/plaf/basic/resources/spi/basicProvider> (0x000000062122e290) 
thrown [t:\workspace\open\src\hotspot\share\classfile\systemDictionary.cpp, line 255]
Event: 15.531 Thread 0x00000144dc853bc0 Exception <a 'java/lang/NoSuchMethodError'{0x0000000621266560}: 'java.lang.Object java.lang.invoke.DirectMethodHandle$Holder.invokeStatic(java.lang.Object, java.lang.Object, java.lang.Object, int, int, int, int, int)'> (0x0000000621266560) 
thrown [t:\workspace\open\src\hotspot\share\interpreter\linkResolver.cpp, line 766]
Event: 15.547 Thread 0x00000144d7d1fb20 Exception <a 'java/lang/NoSuchMethodError'{0x0000000621256b18}: 'int java.lang.invoke.Invokers$Holder.invokeExact_MT(java.lang.Object, java.lang.Object)'> (0x0000000621256b18) 
thrown [t:\workspace\open\src\hotspot\share\interpreter\linkResolver.cpp, line 766]
Event: 15.615 Thread 0x00000144d7d1fb20 Exception <a 'sun/nio/fs/WindowsException'{0x000000062133abf0}> (0x000000062133abf0) 
thrown [t:\workspace\open\src\hotspot\share\prims\jni.cpp, line 516]
Event: 15.661 Thread 0x00000144d7d1fb20 Exception <a 'java/lang/NoSuchMethodError'{0x00000006213498c8}: 'int java.lang.invoke.DirectMethodHandle$Holder.invokeStatic(java.lang.Object)'> (0x00000006213498c8) 
thrown [t:\workspace\open\src\hotspot\share\interpreter\linkResolver.cpp, line 766]
Event: 19.640 Thread 0x00000144d7d1fb20 Exception <a 'java/lang/NoSuchMethodError'{0x0000000623e45ab0}: 'void java.lang.invoke.DirectMethodHandle$Holder.invokeSpecialIFC(java.lang.Object, java.lang.Object, java.lang.Object, java.lang.Object)'> (0x0000000623e45ab0) 
thrown [t:\workspace\open\src\hotspot\share\interpreter\linkResolver.cpp, line 766]
Event: 25.869 Thread 0x00000144d7d1fb20 Exception <a 'java/lang/NullPointerException'{0x00000006075c8910}> (0x00000006075c8910) 
thrown [t:\workspace\open\src\hotspot\share\interpreter\linkResolver.cpp, line 1357]

VM Operations (20 events):
Event: 19.614 Executing VM operation: HandshakeAllThreads done
Event: 19.626 Executing VM operation: HandshakeAllThreads
Event: 19.626 Executing VM operation: HandshakeAllThreads done
Event: 19.632 Executing VM operation: HandshakeAllThreads
Event: 19.632 Executing VM operation: HandshakeAllThreads done
Event: 19.647 Executing VM operation: HandshakeAllThreads
Event: 19.647 Executing VM operation: HandshakeAllThreads done
Event: 20.647 Executing VM operation: Cleanup
Event: 20.648 Executing VM operation: Cleanup done
Event: 22.648 Executing VM operation: Cleanup
Event: 22.648 Executing VM operation: Cleanup done
Event: 24.648 Executing VM operation: Cleanup
Event: 24.648 Executing VM operation: Cleanup done
Event: 25.649 Executing VM operation: Cleanup
Event: 25.650 Executing VM operation: Cleanup done
Event: 26.650 Executing VM operation: Cleanup
Event: 26.650 Executing VM operation: Cleanup done
Event: 30.652 Executing VM operation: Cleanup
Event: 30.652 Executing VM operation: Cleanup done
Event: 109.600 Executing VM operation: Exit

Events (20 events):
Event: 19.706 Thread 0x00000144d788c030 Thread added: 0x00000144d788c030
Event: 19.729 Thread 0x00000144d752f6f0 Thread added: 0x00000144d752f6f0
Event: 20.536 Thread 0x00000144dc853bc0 Thread exited: 0x00000144dc853bc0
Event: 20.613 Thread 0x00000144dc63dcd0 Thread exited: 0x00000144dc63dcd0
Event: 20.686 Thread 0x00000144d752f6f0 Thread exited: 0x00000144d752f6f0
Event: 20.687 Thread 0x00000144d788c030 Thread exited: 0x00000144d788c030
Event: 21.068 Thread 0x00000144d752f6f0 Thread added: 0x00000144d752f6f0
Event: 21.666 Thread 0x00000144d752f6f0 Thread exited: 0x00000144d752f6f0
Event: 109.484 Thread 0x00000144dc6429d0 Thread added: 0x00000144dc6429d0
Event: 109.485 Thread 0x00000144dc640350 Thread added: 0x00000144dc640350
Event: 109.485 Thread 0x00000144dc63f010 Thread added: 0x00000144dc63f010
Event: 109.485 Thread 0x00000144dc63b650 Thread added: 0x00000144dc63b650
Event: 109.485 Thread 0x00000144dc63b180 Thread added: 0x00000144dc63b180
Event: 109.486 Thread 0x00000144dc63b650 Thread exited: 0x00000144dc63b650
Event: 109.486 Thread 0x00000144dc63ce60 Thread added: 0x00000144dc63ce60
Event: 109.487 Thread 0x00000144dc63b180 Thread exited: 0x00000144dc63b180
Event: 109.488 Thread 0x00000144dc640350 Thread exited: 0x00000144dc640350
Event: 109.500 Thread 0x00000144dc8536f0 Thread exited: 0x00000144dc8536f0
Event: 109.506 Thread 0x00000144d7fd84a0 Thread exited: 0x00000144d7fd84a0
Event: 109.599 Thread 0x00000144dc63f010 Thread exited: 0x00000144dc63f010


Dynamic libraries:
0x00007ff642400000 - 0x00007ff642410000 	C:\Program Files\Java\jdk-18\bin\java.exe
0x00007ff870400000 - 0x00007ff870609000 	C:\WINDOWS\SYSTEM32\ntdll.dll
0x00007ff86edc0000 - 0x00007ff86ee7d000 	C:\WINDOWS\System32\KERNEL32.DLL
0x00007ff86d8f0000 - 0x00007ff86dc69000 	C:\WINDOWS\System32\KERNELBASE.dll
0x00007ff86e180000 - 0x00007ff86e291000 	C:\WINDOWS\System32\ucrtbase.dll
0x00007ff86d1c0000 - 0x00007ff86d1d8000 	C:\Program Files\Java\jdk-18\bin\jli.dll
0x00007ff86ced0000 - 0x00007ff86ceea000 	C:\Program Files\Java\jdk-18\bin\VCRUNTIME140.dll
0x00007ff86eeb0000 - 0x00007ff86ef5e000 	C:\WINDOWS\System32\ADVAPI32.dll
0x00007ff870050000 - 0x00007ff8700f3000 	C:\WINDOWS\System32\msvcrt.dll
0x00007ff86e2c0000 - 0x00007ff86e35e000 	C:\WINDOWS\System32\sechost.dll
0x00007ff86f050000 - 0x00007ff86f170000 	C:\WINDOWS\System32\RPCRT4.dll
0x00007ff86e450000 - 0x00007ff86e5fc000 	C:\WINDOWS\System32\USER32.dll
0x00007ff86e040000 - 0x00007ff86e066000 	C:\WINDOWS\System32\win32u.dll
0x00007ff8516e0000 - 0x00007ff851985000 	C:\WINDOWS\WinSxS\amd64_microsoft.windows.common-controls_6595b64144ccf1df_6.0.22000.120_none_9d947278b86cc467\COMCTL32.dll
0x00007ff86ee80000 - 0x00007ff86eea9000 	C:\WINDOWS\System32\GDI32.dll
0x00007ff86df20000 - 0x00007ff86e032000 	C:\WINDOWS\System32\gdi32full.dll
0x00007ff86e070000 - 0x00007ff86e10d000 	C:\WINDOWS\System32\msvcp_win.dll
0x00007ff86c150000 - 0x00007ff86c15a000 	C:\WINDOWS\SYSTEM32\VERSION.dll
0x00007ff8701e0000 - 0x00007ff870211000 	C:\WINDOWS\System32\IMM32.DLL
0x00007ff86cec0000 - 0x00007ff86cecc000 	C:\Program Files\Java\jdk-18\bin\vcruntime140_1.dll
0x00007ff8572c0000 - 0x00007ff85734d000 	C:\Program Files\Java\jdk-18\bin\msvcp140.dll
0x00007ff812e90000 - 0x00007ff813aa1000 	C:\Program Files\Java\jdk-18\bin\server\jvm.dll
0x00007ff86f3b0000 - 0x00007ff86f3b8000 	C:\WINDOWS\System32\PSAPI.DLL
0x00007ff864e10000 - 0x00007ff864e43000 	C:\WINDOWS\SYSTEM32\WINMM.dll
0x00007ff86c400000 - 0x00007ff86c409000 	C:\WINDOWS\SYSTEM32\WSOCK32.dll
0x00007ff86f340000 - 0x00007ff86f3af000 	C:\WINDOWS\System32\WS2_32.dll
0x00007ff86ba90000 - 0x00007ff86baa8000 	C:\WINDOWS\SYSTEM32\kernel.appcore.dll
0x00007ff86ceb0000 - 0x00007ff86ceba000 	C:\Program Files\Java\jdk-18\bin\jimage.dll
0x00007ff86d240000 - 0x00007ff86d461000 	C:\WINDOWS\SYSTEM32\DBGHELP.DLL
0x00007ff86d110000 - 0x00007ff86d141000 	C:\WINDOWS\SYSTEM32\dbgcore.DLL
0x00007ff86dea0000 - 0x00007ff86df1f000 	C:\WINDOWS\System32\bcryptPrimitives.dll
0x00007ff86ce40000 - 0x00007ff86ce4e000 	C:\Program Files\Java\jdk-18\bin\instrument.dll
0x00007ff86ce60000 - 0x00007ff86ce85000 	C:\Program Files\Java\jdk-18\bin\java.dll
0x00007ff82ea40000 - 0x00007ff82eb16000 	C:\Program Files\Java\jdk-18\bin\jsvml.dll
0x00007ff86f830000 - 0x00007ff86ffdf000 	C:\WINDOWS\System32\SHELL32.dll
0x00007ff86ab00000 - 0x00007ff86b368000 	C:\WINDOWS\SYSTEM32\windows.storage.dll
0x00007ff86e600000 - 0x00007ff86e978000 	C:\WINDOWS\System32\combase.dll
0x00007ff86a990000 - 0x00007ff86aaf6000 	C:\WINDOWS\SYSTEM32\wintypes.dll
0x00007ff86e360000 - 0x00007ff86e44a000 	C:\WINDOWS\System32\SHCORE.dll
0x00007ff86eca0000 - 0x00007ff86ecfd000 	C:\WINDOWS\System32\shlwapi.dll
0x00007ff86d820000 - 0x00007ff86d841000 	C:\WINDOWS\SYSTEM32\profapi.dll
0x00007ff86c410000 - 0x00007ff86c423000 	C:\Program Files\Java\jdk-18\bin\net.dll
0x00007ff867230000 - 0x00007ff86733c000 	C:\WINDOWS\SYSTEM32\WINHTTP.dll
0x00007ff86be60000 - 0x00007ff86bec7000 	C:\WINDOWS\system32\mswsock.dll
0x00007ff869b60000 - 0x00007ff869b76000 	C:\Program Files\Java\jdk-18\bin\nio.dll
0x00007ff865040000 - 0x00007ff865058000 	C:\Program Files\Java\jdk-18\bin\zip.dll
0x00007ff865020000 - 0x00007ff86503a000 	C:\Program Files\JetBrains\IntelliJ IDEA 2021.3.3\bin\breakgen64.dll
0x00000144a6c80000 - 0x00000144a6c83000 	C:\Users\User\.openjfx\cache\18-ea+6\api-ms-win-core-console-l1-1-0.dll
0x00000144a6c90000 - 0x00000144a6c93000 	C:\Users\User\.openjfx\cache\18-ea+6\api-ms-win-core-console-l1-2-0.dll
0x00000144a6ca0000 - 0x00000144a6ca3000 	C:\Users\User\.openjfx\cache\18-ea+6\api-ms-win-core-datetime-l1-1-0.dll
0x00000144a6cb0000 - 0x00000144a6cb3000 	C:\Users\User\.openjfx\cache\18-ea+6\api-ms-win-core-debug-l1-1-0.dll
0x00000144d3250000 - 0x00000144d3253000 	C:\Users\User\.openjfx\cache\18-ea+6\api-ms-win-core-errorhandling-l1-1-0.dll
0x00000144d3260000 - 0x00000144d3264000 	C:\Users\User\.openjfx\cache\18-ea+6\api-ms-win-core-file-l1-1-0.dll
0x00000144d3270000 - 0x00000144d3273000 	C:\Users\User\.openjfx\cache\18-ea+6\api-ms-win-core-file-l1-2-0.dll
0x00000144d3280000 - 0x00000144d3283000 	C:\Users\User\.openjfx\cache\18-ea+6\api-ms-win-core-file-l2-1-0.dll
0x00000144d3290000 - 0x00000144d3293000 	C:\Users\User\.openjfx\cache\18-ea+6\api-ms-win-core-handle-l1-1-0.dll
0x00000144d32a0000 - 0x00000144d32a3000 	C:\Users\User\.openjfx\cache\18-ea+6\api-ms-win-core-heap-l1-1-0.dll
0x00000144d32b0000 - 0x00000144d32b3000 	C:\Users\User\.openjfx\cache\18-ea+6\api-ms-win-core-interlocked-l1-1-0.dll
0x00000144d32c0000 - 0x00000144d32c3000 	C:\Users\User\.openjfx\cache\18-ea+6\api-ms-win-core-libraryloader-l1-1-0.dll
0x00000144d32d0000 - 0x00000144d32d3000 	C:\Users\User\.openjfx\cache\18-ea+6\api-ms-win-core-localization-l1-2-0.dll
0x00000144d32e0000 - 0x00000144d32e3000 	C:\Users\User\.openjfx\cache\18-ea+6\api-ms-win-core-memory-l1-1-0.dll
0x00000144d32f0000 - 0x00000144d32f3000 	C:\Users\User\.openjfx\cache\18-ea+6\api-ms-win-core-namedpipe-l1-1-0.dll
0x00000144d3300000 - 0x00000144d3303000 	C:\Users\User\.openjfx\cache\18-ea+6\api-ms-win-core-processenvironment-l1-1-0.dll
0x00000144d3310000 - 0x00000144d3313000 	C:\Users\User\.openjfx\cache\18-ea+6\api-ms-win-core-processthreads-l1-1-0.dll
0x00000144d3320000 - 0x00000144d3323000 	C:\Users\User\.openjfx\cache\18-ea+6\api-ms-win-core-processthreads-l1-1-1.dll
0x00000144d3330000 - 0x00000144d3333000 	C:\Users\User\.openjfx\cache\18-ea+6\api-ms-win-core-profile-l1-1-0.dll
0x00000144d3340000 - 0x00000144d3343000 	C:\Users\User\.openjfx\cache\18-ea+6\api-ms-win-core-rtlsupport-l1-1-0.dll
0x00000144d3350000 - 0x00000144d3353000 	C:\Users\User\.openjfx\cache\18-ea+6\api-ms-win-core-string-l1-1-0.dll
0x00000144d3360000 - 0x00000144d3363000 	C:\Users\User\.openjfx\cache\18-ea+6\api-ms-win-core-synch-l1-1-0.dll
0x00000144d3370000 - 0x00000144d3373000 	C:\Users\User\.openjfx\cache\18-ea+6\api-ms-win-core-synch-l1-2-0.dll
0x00000144d3380000 - 0x00000144d3383000 	C:\Users\User\.openjfx\cache\18-ea+6\api-ms-win-core-sysinfo-l1-1-0.dll
0x00000144d3390000 - 0x00000144d3393000 	C:\Users\User\.openjfx\cache\18-ea+6\api-ms-win-core-timezone-l1-1-0.dll
0x00000144d33a0000 - 0x00000144d33a3000 	C:\Users\User\.openjfx\cache\18-ea+6\api-ms-win-core-util-l1-1-0.dll
0x00000144d33b0000 - 0x00000144d33b3000 	C:\Users\User\.openjfx\cache\18-ea+6\api-ms-win-crt-conio-l1-1-0.dll
0x00000144d33c0000 - 0x00000144d33c4000 	C:\Users\User\.openjfx\cache\18-ea+6\api-ms-win-crt-convert-l1-1-0.dll
0x00000144d33d0000 - 0x00000144d33d3000 	C:\Users\User\.openjfx\cache\18-ea+6\api-ms-win-crt-environment-l1-1-0.dll
0x00000144d33e0000 - 0x00000144d33e3000 	C:\Users\User\.openjfx\cache\18-ea+6\api-ms-win-crt-filesystem-l1-1-0.dll
0x00000144d33f0000 - 0x00000144d33f3000 	C:\Users\User\.openjfx\cache\18-ea+6\api-ms-win-crt-heap-l1-1-0.dll
0x00000144d8000000 - 0x00000144d8003000 	C:\Users\User\.openjfx\cache\18-ea+6\api-ms-win-crt-locale-l1-1-0.dll
0x00000144d8010000 - 0x00000144d8015000 	C:\Users\User\.openjfx\cache\18-ea+6\api-ms-win-crt-math-l1-1-0.dll
0x00000144d8020000 - 0x00000144d8025000 	C:\Users\User\.openjfx\cache\18-ea+6\api-ms-win-crt-multibyte-l1-1-0.dll
0x00000144d8030000 - 0x00000144d8040000 	C:\Users\User\.openjfx\cache\18-ea+6\api-ms-win-crt-private-l1-1-0.dll
0x00000144d8040000 - 0x00000144d8043000 	C:\Users\User\.openjfx\cache\18-ea+6\api-ms-win-crt-process-l1-1-0.dll
0x00000144d8050000 - 0x00000144d8054000 	C:\Users\User\.openjfx\cache\18-ea+6\api-ms-win-crt-runtime-l1-1-0.dll
0x00000144d8060000 - 0x00000144d8064000 	C:\Users\User\.openjfx\cache\18-ea+6\api-ms-win-crt-stdio-l1-1-0.dll
0x00000144d8070000 - 0x00000144d8074000 	C:\Users\User\.openjfx\cache\18-ea+6\api-ms-win-crt-string-l1-1-0.dll
0x00000144d8080000 - 0x00000144d8083000 	C:\Users\User\.openjfx\cache\18-ea+6\api-ms-win-crt-time-l1-1-0.dll
0x00000144d8090000 - 0x00000144d8093000 	C:\Users\User\.openjfx\cache\18-ea+6\api-ms-win-crt-utility-l1-1-0.dll
0x00007ff82e940000 - 0x00007ff82ea3c000 	C:\Users\User\.openjfx\cache\18-ea+6\ucrtbase.dll
0x00007ff8594b0000 - 0x00007ff8594ca000 	C:\Users\User\.openjfx\cache\18-ea+6\vcruntime140.dll
0x00007ff869bb0000 - 0x00007ff869bbc000 	C:\Users\User\.openjfx\cache\18-ea+6\vcruntime140_1.dll
0x00007ff83b100000 - 0x00007ff83b18d000 	C:\Users\User\.openjfx\cache\18-ea+6\msvcp140.dll
0x00007ff857290000 - 0x00007ff8572ba000 	C:\Users\User\.openjfx\cache\18-ea+6\prism_d3d.dll
0x00007ff832a40000 - 0x00007ff832be6000 	C:\WINDOWS\system32\d3d9.dll
0x00007ff86a270000 - 0x00007ff86a29f000 	C:\WINDOWS\SYSTEM32\dwmapi.dll
0x00007ff869fe0000 - 0x00007ff86a018000 	C:\WINDOWS\SYSTEM32\dxcore.dll
0x00007ff869ed0000 - 0x00007ff869f7c000 	C:\WINDOWS\system32\uxtheme.dll
0x00007ff870220000 - 0x00007ff8703ba000 	C:\WINDOWS\System32\ole32.dll
0x00007ff870100000 - 0x00007ff8701d6000 	C:\WINDOWS\System32\OLEAUT32.dll
0x00007ff8671e0000 - 0x00007ff867224000 	C:\WINDOWS\SYSTEM32\directxdatabasehelper.dll
0x00007ff86d200000 - 0x00007ff86d234000 	C:\WINDOWS\SYSTEM32\ntmarta.dll
0x00007ff83db10000 - 0x00007ff83db52000 	C:\Users\User\.openjfx\cache\18-ea+6\glass.dll
0x00007ff86ef60000 - 0x00007ff86f04c000 	C:\WINDOWS\System32\COMDLG32.dll
0x00007ff86ea70000 - 0x00007ff86eb8e000 	C:\WINDOWS\System32\MSCTF.dll
0x00007ff86d5a0000 - 0x00007ff86d5b8000 	C:\WINDOWS\SYSTEM32\CRYPTSP.dll
0x00007ff86b9f0000 - 0x00007ff86ba25000 	C:\WINDOWS\system32\rsaenh.dll
0x00007ff86c050000 - 0x00007ff86c05c000 	C:\WINDOWS\SYSTEM32\CRYPTBASE.dll
0x00007ff86d150000 - 0x00007ff86d177000 	C:\WINDOWS\SYSTEM32\bcrypt.dll
0x00007ff849a80000 - 0x00007ff849a94000 	C:\Users\User\.openjfx\cache\18-ea+6\javafx_font.dll
0x00007ff8537a0000 - 0x00007ff8539ff000 	C:\WINDOWS\SYSTEM32\dwrite.dll
0x00007ff86ed00000 - 0x00007ff86edaf000 	C:\WINDOWS\System32\clbcatq.dll
0x00007ff864a70000 - 0x00007ff864c1e000 	C:\WINDOWS\SYSTEM32\WindowsCodecs.dll
0x00007ff8529d0000 - 0x00007ff852a2d000 	C:\WINDOWS\system32\dataexchange.dll
0x00007ff863be0000 - 0x00007ff863e46000 	C:\WINDOWS\system32\twinapi.appcore.dll
0x00007ff8438a0000 - 0x00007ff8438d2000 	C:\Program Files\Common Files\Microsoft Shared\Ink\rtscom.dll
0x00007ff852630000 - 0x00007ff85275d000 	C:\WINDOWS\SYSTEM32\textinputframework.dll
0x00007ff8697d0000 - 0x00007ff869902000 	C:\WINDOWS\SYSTEM32\CoreMessaging.dll
0x00007ff866900000 - 0x00007ff866c6d000 	C:\WINDOWS\SYSTEM32\CoreUIComponents.dll
0x00007ff828f20000 - 0x00007ff8290af000 	C:\Program Files\Java\jdk-18\bin\awt.dll
0x00007ff869bc0000 - 0x00007ff869c51000 	C:\WINDOWS\SYSTEM32\apphelp.dll
0x00007ff82fdf0000 - 0x00007ff82fe79000 	C:\Program Files\Java\jdk-18\bin\freetype.dll
0x00007ff82b490000 - 0x00007ff82b538000 	C:\Program Files\Java\jdk-18\bin\fontmanager.dll
0x00007ff84de40000 - 0x00007ff84df41000 	C:\WINDOWS\system32\opengl32.dll
0x00007ff855380000 - 0x00007ff8553ad000 	C:\WINDOWS\SYSTEM32\GLU32.dll

dbghelp: loaded successfully - version: 4.0.5 - missing functions: none
symbol engine: initialized successfully - sym options: 0x614 - pdb path: .;C:\Program Files\Java\jdk-18\bin;C:\WINDOWS\SYSTEM32;C:\WINDOWS\WinSxS\amd64_microsoft.windows.common-controls_6595b64144ccf1df_6.0.22000.120_none_9d947278b86cc467;C:\Program Files\Java\jdk-18\bin\server;C:\Program Files\JetBrains\IntelliJ IDEA 2021.3.3\bin;C:\Users\User\.openjfx\cache\18-ea+6;C:\WINDOWS\System32\DriverStore\FileRepository\iigd_dch.inf_amd64_84fc96be33dbe15a;C:\Program Files\Common Files\Microsoft Shared\Ink

VM Arguments:
jvm_args: -javaagent:C:\Program Files\JetBrains\IntelliJ IDEA 2021.3.3\lib\idea_rt.jar=52061:C:\Program Files\JetBrains\IntelliJ IDEA 2021.3.3\bin -Dfile.encoding=UTF-8 --module-path=C:\Users\User\.m2\repository\org\openjfx\javafx-controls\18-ea+6\javafx-controls-18-ea+6-win.jar;C:\Users\User\.m2\repository\org\openjfx\javafx-base\18-ea+6\javafx-base-18-ea+6-win.jar;C:\Users\User\IdeaProjects\ExamGeneratorFX\target\classes;C:\Users\User\.m2\repository\org\openjfx\javafx-graphics\18-ea+6\javafx-graphics-18-ea+6-win.jar;C:\Users\User\.m2\repository\org\openjfx\javafx-fxml\18-ea+6\javafx-fxml-18-ea+6-win.jar -Djdk.module.main=java 
java_command: java/Application.Main
java_class_path (initial): C:\Users\User\.m2\repository\org\openjfx\javafx-controls\18-ea+6\javafx-controls-18-ea+6.jar;C:\Users\User\.m2\repository\org\openjfx\javafx-graphics\18-ea+6\javafx-graphics-18-ea+6.jar;C:\Users\User\.m2\repository\org\openjfx\javafx-base\18-ea+6\javafx-base-18-ea+6.jar;C:\Users\User\.m2\repository\org\openjfx\javafx-fxml\18-ea+6\javafx-fxml-18-ea+6.jar
Launcher Type: SUN_STANDARD

[Global flags]
     intx CICompilerCount                          = 4                                         {product} {ergonomic}
     uint ConcGCThreads                            = 2                                         {product} {ergonomic}
     uint G1ConcRefinementThreads                  = 8                                         {product} {ergonomic}
   size_t G1HeapRegionSize                         = 4194304                                   {product} {ergonomic}
    uintx GCDrainStackTargetSize                   = 64                                        {product} {ergonomic}
   size_t InitialHeapSize                          = 532676608                                 {product} {ergonomic}
   size_t MarkStackSize                            = 4194304                                   {product} {ergonomic}
   size_t MaxHeapSize                              = 8518631424                                {product} {ergonomic}
   size_t MaxNewSize                               = 5108662272                                {product} {ergonomic}
   size_t MinHeapDeltaBytes                        = 4194304                                   {product} {ergonomic}
   size_t MinHeapSize                              = 8388608                                   {product} {ergonomic}
    uintx NonNMethodCodeHeapSize                   = 5839372                                {pd product} {ergonomic}
    uintx NonProfiledCodeHeapSize                  = 122909434                              {pd product} {ergonomic}
    uintx ProfiledCodeHeapSize                     = 122909434                              {pd product} {ergonomic}
    uintx ReservedCodeCacheSize                    = 251658240                              {pd product} {ergonomic}
     bool SegmentedCodeCache                       = true                                      {product} {ergonomic}
   size_t SoftMaxHeapSize                          = 8518631424                             {manageable} {ergonomic}
     bool UseCompressedClassPointers               = true                           {product lp64_product} {ergonomic}
     bool UseCompressedOops                        = true                           {product lp64_product} {ergonomic}
     bool UseG1GC                                  = true                                      {product} {ergonomic}
     bool UseLargePagesIndividualAllocation        = false                                  {pd product} {ergonomic}

Logging:
Log output configuration:
 #0: stdout all=off uptime,level,tags foldmultilines=false
 #1: stderr all=off uptime,level,tags foldmultilines=false

Environment Variables:
PATH=C:\Program Files\Common Files\Oracle\Java\javapath;C:\WINDOWS\system32;C:\WINDOWS;C:\WINDOWS\System32\Wbem;C:\WINDOWS\System32\WindowsPowerShell\v1.0\;C:\WINDOWS\System32\OpenSSH\;C:\Program Files\Git\cmd;C:\Users\User\AppData\Local\Microsoft\WindowsApps;C:\Users\User\AppData\Local\GitHubDesktop\bin
USERNAME=User
OS=Windows_NT
PROCESSOR_IDENTIFIER=Intel64 Family 6 Model 140 Stepping 1, GenuineIntel



---------------  S Y S T E M  ---------------

OS:
 Windows 11 , 64 bit Build 22000 (10.0.22000.675)
OS uptime: 5 days 5:53 hours
Hyper-V role detected

CPU: total 8 (initial active 8) (4 cores per cpu, 2 threads per core) family 6 model 140 stepping 1 microcode 0x9a, cx8, cmov, fxsr, ht, mmx, 3dnowpref, sse, sse2, sse3, ssse3, sse4.1, sse4.2, popcnt, lzcnt, tsc, tscinvbit, avx, avx2, aes, erms, clmul, bmi1, bmi2, adx, avx512f, avx512dq, avx512cd, avx512bw, avx512vl, sha, fma, vzeroupper, avx512_vpopcntdq, avx512_vpclmulqdq, avx512_vaes, avx512_vnni, clflush, clflushopt, clwb, avx512_vbmi2, avx512_vbmi, hv

Memory: 4k page, system-wide physical 32487M (20268M free)
TotalPageFile size 37351M (AvailPageFile size 24987M)
current process WorkingSet (physical memory assigned to process): 141M, peak: 207M
current process commit charge ("private bytes"): 223M, peak: 706M

vm_info: Java HotSpot(TM) 64-Bit Server VM (18+36-2087) for windows-amd64 JRE (18+36-2087), built on Feb 15 2022 09:43:11 by "mach5one" with MS VC++ 16.8 / 16.9 (VS2019)

END.
